{"/home/wojtek/Programowanie/ScoresFC/server/index.js": {"path":"/home/wojtek/Programowanie/ScoresFC/server/index.js","statementMap":{"0":{"start":{"line":2,"column":13},"end":{"line":2,"column":28}},"1":{"start":{"line":3,"column":16},"end":{"line":3,"column":34}},"2":{"start":{"line":4,"column":11},"end":{"line":4,"column":33}},"3":{"start":{"line":5,"column":20},"end":{"line":5,"column":39}},"4":{"start":{"line":6,"column":17},"end":{"line":6,"column":36}},"5":{"start":{"line":7,"column":17},"end":{"line":7,"column":36}},"6":{"start":{"line":8,"column":0},"end":{"line":8,"column":27}},"7":{"start":{"line":11,"column":17},"end":{"line":11,"column":53}},"8":{"start":{"line":12,"column":15},"end":{"line":12,"column":49}},"9":{"start":{"line":13,"column":16},"end":{"line":13,"column":51}},"10":{"start":{"line":14,"column":13},"end":{"line":14,"column":45}},"11":{"start":{"line":15,"column":15},"end":{"line":15,"column":49}},"12":{"start":{"line":16,"column":14},"end":{"line":16,"column":43}},"13":{"start":{"line":17,"column":17},"end":{"line":17,"column":49}},"14":{"start":{"line":20,"column":12},"end":{"line":20,"column":21}},"15":{"start":{"line":23,"column":0},"end":{"line":23,"column":16}},"16":{"start":{"line":24,"column":0},"end":{"line":24,"column":19}},"17":{"start":{"line":25,"column":0},"end":{"line":25,"column":31}},"18":{"start":{"line":26,"column":0},"end":{"line":26,"column":48}},"19":{"start":{"line":27,"column":0},"end":{"line":27,"column":25}},"20":{"start":{"line":28,"column":0},"end":{"line":28,"column":31}},"21":{"start":{"line":29,"column":0},"end":{"line":29,"column":27}},"22":{"start":{"line":30,"column":0},"end":{"line":30,"column":29}},"23":{"start":{"line":31,"column":0},"end":{"line":31,"column":31}},"24":{"start":{"line":32,"column":0},"end":{"line":32,"column":23}},"25":{"start":{"line":33,"column":0},"end":{"line":33,"column":27}},"26":{"start":{"line":35,"column":17},"end":{"line":58,"column":1}},"27":{"start":{"line":36,"column":2},"end":{"line":57,"column":3}},"28":{"start":{"line":38,"column":4},"end":{"line":40,"column":7}},"29":{"start":{"line":41,"column":4},"end":{"line":41,"column":77}},"30":{"start":{"line":44,"column":4},"end":{"line":46,"column":6}},"31":{"start":{"line":45,"column":6},"end":{"line":45,"column":63}},"32":{"start":{"line":49,"column":4},"end":{"line":49,"column":28}},"33":{"start":{"line":51,"column":4},"end":{"line":53,"column":7}},"34":{"start":{"line":55,"column":4},"end":{"line":55,"column":60}},"35":{"start":{"line":56,"column":4},"end":{"line":56,"column":15}},"36":{"start":{"line":60,"column":0},"end":{"line":60,"column":11}},"37":{"start":{"line":62,"column":0},"end":{"line":62,"column":21}}},"fnMap":{"0":{"name":"(anonymous_0)","decl":{"start":{"line":35,"column":17},"end":{"line":35,"column":18}},"loc":{"start":{"line":35,"column":29},"end":{"line":58,"column":1}},"line":35},"1":{"name":"(anonymous_1)","decl":{"start":{"line":44,"column":33},"end":{"line":44,"column":34}},"loc":{"start":{"line":45,"column":6},"end":{"line":45,"column":63}},"line":45},"2":{"name":"(anonymous_2)","decl":{"start":{"line":51,"column":17},"end":{"line":51,"column":18}},"loc":{"start":{"line":51,"column":31},"end":{"line":53,"column":5}},"line":51}},"branchMap":{},"s":{"0":2,"1":2,"2":2,"3":2,"4":2,"5":2,"6":2,"7":2,"8":2,"9":2,"10":2,"11":2,"12":2,"13":2,"14":2,"15":2,"16":2,"17":2,"18":2,"19":2,"20":2,"21":2,"22":2,"23":2,"24":2,"25":2,"26":2,"27":2,"28":2,"29":2,"30":2,"31":1,"32":2,"33":2,"34":0,"35":0,"36":2,"37":2},"f":{"0":2,"1":1,"2":0},"b":{},"_coverageSchema":"1a1c01bbd47fc00a2c39e90264f33305004495a9","hash":"63af21970739c99a49980cd56b249a4129c870dd"}
,"/home/wojtek/Programowanie/ScoresFC/server/src/middlewares/passport.js": {"path":"/home/wojtek/Programowanie/ScoresFC/server/src/middlewares/passport.js","statementMap":{"0":{"start":{"line":1,"column":17},"end":{"line":1,"column":36}},"1":{"start":{"line":2,"column":33},"end":{"line":2,"column":56}},"2":{"start":{"line":4,"column":13},"end":{"line":4,"column":38}},"3":{"start":{"line":6,"column":16},"end":{"line":9,"column":1}},"4":{"start":{"line":11,"column":0},"end":{"line":26,"column":2}},"5":{"start":{"line":12,"column":2},"end":{"line":25,"column":4}},"6":{"start":{"line":14,"column":6},"end":{"line":23,"column":11}},"7":{"start":{"line":16,"column":10},"end":{"line":18,"column":11}},"8":{"start":{"line":17,"column":12},"end":{"line":17,"column":36}},"9":{"start":{"line":19,"column":10},"end":{"line":19,"column":35}},"10":{"start":{"line":22,"column":10},"end":{"line":22,"column":35}}},"fnMap":{"0":{"name":"(anonymous_0)","decl":{"start":{"line":11,"column":17},"end":{"line":11,"column":18}},"loc":{"start":{"line":11,"column":31},"end":{"line":26,"column":1}},"line":11},"1":{"name":"(anonymous_1)","decl":{"start":{"line":13,"column":26},"end":{"line":13,"column":27}},"loc":{"start":{"line":13,"column":51},"end":{"line":24,"column":5}},"line":13},"2":{"name":"(anonymous_2)","decl":{"start":{"line":15,"column":14},"end":{"line":15,"column":15}},"loc":{"start":{"line":15,"column":30},"end":{"line":20,"column":9}},"line":15},"3":{"name":"(anonymous_3)","decl":{"start":{"line":21,"column":15},"end":{"line":21,"column":16}},"loc":{"start":{"line":21,"column":24},"end":{"line":23,"column":9}},"line":21}},"branchMap":{"0":{"loc":{"start":{"line":16,"column":10},"end":{"line":18,"column":11}},"type":"if","locations":[{"start":{"line":16,"column":10},"end":{"line":18,"column":11}},{"start":{},"end":{}}],"line":16}},"s":{"0":2,"1":2,"2":2,"3":2,"4":2,"5":2,"6":0,"7":0,"8":0,"9":0,"10":0},"f":{"0":2,"1":0,"2":0,"3":0},"b":{"0":[0,0]},"_coverageSchema":"1a1c01bbd47fc00a2c39e90264f33305004495a9","hash":"c861f19035fd0db123842c3788727b09205f3cbf"}
,"/home/wojtek/Programowanie/ScoresFC/server/src/models/Comment.js": {"path":"/home/wojtek/Programowanie/ScoresFC/server/src/models/Comment.js","statementMap":{"0":{"start":{"line":1,"column":26},"end":{"line":1,"column":45}},"1":{"start":{"line":3,"column":22},"end":{"line":21,"column":1}},"2":{"start":{"line":23,"column":0},"end":{"line":23,"column":49}}},"fnMap":{},"branchMap":{},"s":{"0":2,"1":2,"2":2},"f":{},"b":{},"_coverageSchema":"1a1c01bbd47fc00a2c39e90264f33305004495a9","hash":"89c6ea3e5fc17d6cfde375a7f3f0801561c6cd40"}
,"/home/wojtek/Programowanie/ScoresFC/server/src/models/User.js": {"path":"/home/wojtek/Programowanie/ScoresFC/server/src/models/User.js","statementMap":{"0":{"start":{"line":1,"column":26},"end":{"line":1,"column":45}},"1":{"start":{"line":3,"column":19},"end":{"line":43,"column":1}},"2":{"start":{"line":45,"column":0},"end":{"line":45,"column":44}}},"fnMap":{},"branchMap":{},"s":{"0":2,"1":2,"2":2},"f":{},"b":{},"_coverageSchema":"1a1c01bbd47fc00a2c39e90264f33305004495a9","hash":"3a840dec4c478fe273086cedfe1fde7a5eedcb5d"}
,"/home/wojtek/Programowanie/ScoresFC/server/src/routes/comments.js": {"path":"/home/wojtek/Programowanie/ScoresFC/server/src/routes/comments.js","statementMap":{"0":{"start":{"line":1,"column":16},"end":{"line":1,"column":34}},"1":{"start":{"line":3,"column":15},"end":{"line":3,"column":31}},"2":{"start":{"line":10,"column":4},"end":{"line":10,"column":32}},"3":{"start":{"line":13,"column":0},"end":{"line":15,"column":3}},"4":{"start":{"line":14,"column":2},"end":{"line":14,"column":35}},"5":{"start":{"line":17,"column":0},"end":{"line":20,"column":3}},"6":{"start":{"line":18,"column":2},"end":{"line":18,"column":33}},"7":{"start":{"line":19,"column":2},"end":{"line":19,"column":55}},"8":{"start":{"line":22,"column":0},"end":{"line":25,"column":3}},"9":{"start":{"line":23,"column":2},"end":{"line":23,"column":78}},"10":{"start":{"line":27,"column":0},"end":{"line":30,"column":3}},"11":{"start":{"line":28,"column":2},"end":{"line":28,"column":71}},"12":{"start":{"line":29,"column":2},"end":{"line":29,"column":30}},"13":{"start":{"line":32,"column":0},"end":{"line":32,"column":24}}},"fnMap":{"0":{"name":"(anonymous_0)","decl":{"start":{"line":13,"column":16},"end":{"line":13,"column":17}},"loc":{"start":{"line":13,"column":36},"end":{"line":15,"column":1}},"line":13},"1":{"name":"(anonymous_1)","decl":{"start":{"line":17,"column":23},"end":{"line":17,"column":24}},"loc":{"start":{"line":17,"column":43},"end":{"line":20,"column":1}},"line":17},"2":{"name":"(anonymous_2)","decl":{"start":{"line":22,"column":23},"end":{"line":22,"column":24}},"loc":{"start":{"line":22,"column":43},"end":{"line":25,"column":1}},"line":22},"3":{"name":"(anonymous_3)","decl":{"start":{"line":27,"column":25},"end":{"line":27,"column":26}},"loc":{"start":{"line":27,"column":45},"end":{"line":30,"column":1}},"line":27}},"branchMap":{},"s":{"0":2,"1":2,"2":2,"3":2,"4":2,"5":2,"6":0,"7":0,"8":2,"9":2,"10":2,"11":3,"12":3,"13":2},"f":{"0":2,"1":0,"2":2,"3":3},"b":{},"_coverageSchema":"1a1c01bbd47fc00a2c39e90264f33305004495a9","hash":"6ed531bb1f7557f106d923a54cc2d27c307077ff"}
,"/home/wojtek/Programowanie/ScoresFC/server/src/routes/users.js": {"path":"/home/wojtek/Programowanie/ScoresFC/server/src/routes/users.js","statementMap":{"0":{"start":{"line":1,"column":16},"end":{"line":1,"column":34}},"1":{"start":{"line":9,"column":4},"end":{"line":9,"column":28}},"2":{"start":{"line":19,"column":4},"end":{"line":19,"column":34}},"3":{"start":{"line":21,"column":15},"end":{"line":21,"column":31}},"4":{"start":{"line":24,"column":0},"end":{"line":27,"column":3}},"5":{"start":{"line":25,"column":2},"end":{"line":25,"column":45}},"6":{"start":{"line":26,"column":2},"end":{"line":26,"column":28}},"7":{"start":{"line":30,"column":0},"end":{"line":33,"column":3}},"8":{"start":{"line":31,"column":2},"end":{"line":31,"column":46}},"9":{"start":{"line":32,"column":2},"end":{"line":32,"column":28}},"10":{"start":{"line":36,"column":0},"end":{"line":39,"column":3}},"11":{"start":{"line":37,"column":2},"end":{"line":37,"column":42}},"12":{"start":{"line":38,"column":2},"end":{"line":38,"column":28}},"13":{"start":{"line":42,"column":0},"end":{"line":45,"column":3}},"14":{"start":{"line":43,"column":2},"end":{"line":43,"column":43}},"15":{"start":{"line":44,"column":2},"end":{"line":44,"column":28}},"16":{"start":{"line":48,"column":0},"end":{"line":51,"column":3}},"17":{"start":{"line":49,"column":2},"end":{"line":49,"column":44}},"18":{"start":{"line":50,"column":2},"end":{"line":50,"column":29}},"19":{"start":{"line":54,"column":0},"end":{"line":56,"column":3}},"20":{"start":{"line":55,"column":2},"end":{"line":55,"column":43}},"21":{"start":{"line":59,"column":0},"end":{"line":66,"column":2}},"22":{"start":{"line":64,"column":4},"end":{"line":64,"column":45}},"23":{"start":{"line":69,"column":0},"end":{"line":76,"column":2}},"24":{"start":{"line":74,"column":4},"end":{"line":74,"column":45}},"25":{"start":{"line":79,"column":0},"end":{"line":81,"column":3}},"26":{"start":{"line":80,"column":2},"end":{"line":80,"column":55}},"27":{"start":{"line":83,"column":0},"end":{"line":86,"column":3}},"28":{"start":{"line":84,"column":2},"end":{"line":84,"column":67}},"29":{"start":{"line":85,"column":2},"end":{"line":85,"column":28}},"30":{"start":{"line":88,"column":0},"end":{"line":91,"column":3}},"31":{"start":{"line":89,"column":2},"end":{"line":89,"column":74}},"32":{"start":{"line":90,"column":2},"end":{"line":90,"column":29}},"33":{"start":{"line":93,"column":0},"end":{"line":96,"column":3}},"34":{"start":{"line":94,"column":2},"end":{"line":94,"column":63}},"35":{"start":{"line":95,"column":2},"end":{"line":95,"column":28}},"36":{"start":{"line":98,"column":0},"end":{"line":101,"column":3}},"37":{"start":{"line":99,"column":2},"end":{"line":99,"column":70}},"38":{"start":{"line":100,"column":2},"end":{"line":100,"column":29}},"39":{"start":{"line":103,"column":0},"end":{"line":106,"column":3}},"40":{"start":{"line":104,"column":2},"end":{"line":104,"column":63}},"41":{"start":{"line":105,"column":2},"end":{"line":105,"column":28}},"42":{"start":{"line":108,"column":0},"end":{"line":111,"column":3}},"43":{"start":{"line":109,"column":2},"end":{"line":109,"column":70}},"44":{"start":{"line":110,"column":2},"end":{"line":110,"column":29}},"45":{"start":{"line":113,"column":0},"end":{"line":113,"column":24}}},"fnMap":{"0":{"name":"(anonymous_0)","decl":{"start":{"line":24,"column":30},"end":{"line":24,"column":31}},"loc":{"start":{"line":24,"column":50},"end":{"line":27,"column":1}},"line":24},"1":{"name":"(anonymous_1)","decl":{"start":{"line":30,"column":31},"end":{"line":30,"column":32}},"loc":{"start":{"line":30,"column":51},"end":{"line":33,"column":1}},"line":30},"2":{"name":"(anonymous_2)","decl":{"start":{"line":36,"column":27},"end":{"line":36,"column":28}},"loc":{"start":{"line":36,"column":47},"end":{"line":39,"column":1}},"line":36},"3":{"name":"(anonymous_3)","decl":{"start":{"line":42,"column":28},"end":{"line":42,"column":29}},"loc":{"start":{"line":42,"column":48},"end":{"line":45,"column":1}},"line":42},"4":{"name":"(anonymous_4)","decl":{"start":{"line":48,"column":25},"end":{"line":48,"column":26}},"loc":{"start":{"line":48,"column":45},"end":{"line":51,"column":1}},"line":48},"5":{"name":"(anonymous_5)","decl":{"start":{"line":54,"column":33},"end":{"line":54,"column":34}},"loc":{"start":{"line":54,"column":53},"end":{"line":56,"column":1}},"line":54},"6":{"name":"(anonymous_6)","decl":{"start":{"line":63,"column":2},"end":{"line":63,"column":3}},"loc":{"start":{"line":63,"column":22},"end":{"line":65,"column":3}},"line":63},"7":{"name":"(anonymous_7)","decl":{"start":{"line":73,"column":2},"end":{"line":73,"column":3}},"loc":{"start":{"line":73,"column":22},"end":{"line":75,"column":3}},"line":73},"8":{"name":"(anonymous_8)","decl":{"start":{"line":79,"column":26},"end":{"line":79,"column":27}},"loc":{"start":{"line":79,"column":46},"end":{"line":81,"column":1}},"line":79},"9":{"name":"(anonymous_9)","decl":{"start":{"line":83,"column":34},"end":{"line":83,"column":35}},"loc":{"start":{"line":83,"column":54},"end":{"line":86,"column":1}},"line":83},"10":{"name":"(anonymous_10)","decl":{"start":{"line":88,"column":36},"end":{"line":88,"column":37}},"loc":{"start":{"line":88,"column":56},"end":{"line":91,"column":1}},"line":88},"11":{"name":"(anonymous_11)","decl":{"start":{"line":93,"column":32},"end":{"line":93,"column":33}},"loc":{"start":{"line":93,"column":52},"end":{"line":96,"column":1}},"line":93},"12":{"name":"(anonymous_12)","decl":{"start":{"line":98,"column":34},"end":{"line":98,"column":35}},"loc":{"start":{"line":98,"column":54},"end":{"line":101,"column":1}},"line":98},"13":{"name":"(anonymous_13)","decl":{"start":{"line":103,"column":32},"end":{"line":103,"column":33}},"loc":{"start":{"line":103,"column":52},"end":{"line":106,"column":1}},"line":103},"14":{"name":"(anonymous_14)","decl":{"start":{"line":108,"column":34},"end":{"line":108,"column":35}},"loc":{"start":{"line":108,"column":54},"end":{"line":111,"column":1}},"line":108}},"branchMap":{},"s":{"0":2,"1":2,"2":2,"3":2,"4":2,"5":5,"6":5,"7":2,"8":5,"9":5,"10":2,"11":4,"12":4,"13":2,"14":4,"15":4,"16":2,"17":3,"18":3,"19":2,"20":0,"21":2,"22":0,"23":2,"24":0,"25":2,"26":2,"27":2,"28":2,"29":2,"30":2,"31":2,"32":2,"33":2,"34":2,"35":2,"36":2,"37":2,"38":2,"39":2,"40":2,"41":2,"42":2,"43":2,"44":2,"45":2},"f":{"0":5,"1":5,"2":4,"3":4,"4":3,"5":0,"6":0,"7":0,"8":2,"9":2,"10":2,"11":2,"12":2,"13":2,"14":2},"b":{},"_coverageSchema":"1a1c01bbd47fc00a2c39e90264f33305004495a9","hash":"5b16751c2ce20a1f00684a9e536d61bc33da0c10"}
,"/home/wojtek/Programowanie/ScoresFC/server/src/routes/api/fixtures.js": {"path":"/home/wojtek/Programowanie/ScoresFC/server/src/routes/api/fixtures.js","statementMap":{"0":{"start":{"line":2,"column":13},"end":{"line":2,"column":28}},"1":{"start":{"line":3,"column":0},"end":{"line":3,"column":50}},"2":{"start":{"line":5,"column":16},"end":{"line":5,"column":34}},"3":{"start":{"line":6,"column":14},"end":{"line":6,"column":30}},"4":{"start":{"line":7,"column":15},"end":{"line":7,"column":31}},"5":{"start":{"line":10,"column":30},"end":{"line":30,"column":1}},"6":{"start":{"line":11,"column":2},"end":{"line":29,"column":3}},"7":{"start":{"line":12,"column":21},"end":{"line":24,"column":5}},"8":{"start":{"line":25,"column":4},"end":{"line":25,"column":26}},"9":{"start":{"line":26,"column":4},"end":{"line":26,"column":34}},"10":{"start":{"line":28,"column":4},"end":{"line":28,"column":21}},"11":{"start":{"line":32,"column":23},"end":{"line":51,"column":1}},"12":{"start":{"line":33,"column":2},"end":{"line":50,"column":3}},"13":{"start":{"line":34,"column":18},"end":{"line":45,"column":5}},"14":{"start":{"line":46,"column":4},"end":{"line":46,"column":23}},"15":{"start":{"line":47,"column":4},"end":{"line":47,"column":31}},"16":{"start":{"line":49,"column":4},"end":{"line":49,"column":21}},"17":{"start":{"line":53,"column":0},"end":{"line":56,"column":3}},"18":{"start":{"line":54,"column":2},"end":{"line":54,"column":56}},"19":{"start":{"line":55,"column":2},"end":{"line":55,"column":59}},"20":{"start":{"line":58,"column":0},"end":{"line":61,"column":3}},"21":{"start":{"line":59,"column":2},"end":{"line":59,"column":45}},"22":{"start":{"line":60,"column":2},"end":{"line":60,"column":48}},"23":{"start":{"line":63,"column":0},"end":{"line":63,"column":24}}},"fnMap":{"0":{"name":"(anonymous_0)","decl":{"start":{"line":10,"column":30},"end":{"line":10,"column":31}},"loc":{"start":{"line":10,"column":58},"end":{"line":30,"column":1}},"line":10},"1":{"name":"(anonymous_1)","decl":{"start":{"line":32,"column":23},"end":{"line":32,"column":24}},"loc":{"start":{"line":32,"column":41},"end":{"line":51,"column":1}},"line":32},"2":{"name":"(anonymous_2)","decl":{"start":{"line":53,"column":31},"end":{"line":53,"column":32}},"loc":{"start":{"line":53,"column":51},"end":{"line":56,"column":1}},"line":53},"3":{"name":"(anonymous_3)","decl":{"start":{"line":58,"column":19},"end":{"line":58,"column":20}},"loc":{"start":{"line":58,"column":39},"end":{"line":61,"column":1}},"line":58}},"branchMap":{},"s":{"0":2,"1":2,"2":2,"3":2,"4":2,"5":2,"6":0,"7":0,"8":0,"9":0,"10":0,"11":2,"12":0,"13":0,"14":0,"15":0,"16":0,"17":2,"18":0,"19":0,"20":2,"21":0,"22":0,"23":2},"f":{"0":0,"1":0,"2":0,"3":0},"b":{},"_coverageSchema":"1a1c01bbd47fc00a2c39e90264f33305004495a9","hash":"b58916f87b8535c2bf785b03f1c00cca2b3912f9"}
,"/home/wojtek/Programowanie/ScoresFC/server/src/routes/api/league.js": {"path":"/home/wojtek/Programowanie/ScoresFC/server/src/routes/api/league.js","statementMap":{"0":{"start":{"line":2,"column":13},"end":{"line":2,"column":28}},"1":{"start":{"line":3,"column":0},"end":{"line":3,"column":50}},"2":{"start":{"line":5,"column":16},"end":{"line":5,"column":34}},"3":{"start":{"line":6,"column":14},"end":{"line":6,"column":30}},"4":{"start":{"line":8,"column":15},"end":{"line":8,"column":31}},"5":{"start":{"line":11,"column":27},"end":{"line":35,"column":1}},"6":{"start":{"line":12,"column":2},"end":{"line":34,"column":3}},"7":{"start":{"line":13,"column":20},"end":{"line":27,"column":5}},"8":{"start":{"line":31,"column":4},"end":{"line":31,"column":33}},"9":{"start":{"line":33,"column":4},"end":{"line":33,"column":21}},"10":{"start":{"line":37,"column":29},"end":{"line":56,"column":1}},"11":{"start":{"line":38,"column":2},"end":{"line":55,"column":3}},"12":{"start":{"line":39,"column":19},"end":{"line":51,"column":5}},"13":{"start":{"line":52,"column":4},"end":{"line":52,"column":32}},"14":{"start":{"line":54,"column":4},"end":{"line":54,"column":21}},"15":{"start":{"line":58,"column":24},"end":{"line":78,"column":1}},"16":{"start":{"line":59,"column":2},"end":{"line":77,"column":3}},"17":{"start":{"line":60,"column":19},"end":{"line":72,"column":5}},"18":{"start":{"line":73,"column":4},"end":{"line":73,"column":38}},"19":{"start":{"line":74,"column":4},"end":{"line":74,"column":32}},"20":{"start":{"line":76,"column":4},"end":{"line":76,"column":21}},"21":{"start":{"line":80,"column":0},"end":{"line":89,"column":3}},"22":{"start":{"line":81,"column":15},"end":{"line":86,"column":3}},"23":{"start":{"line":87,"column":2},"end":{"line":87,"column":20}},"24":{"start":{"line":88,"column":2},"end":{"line":88,"column":17}},"25":{"start":{"line":91,"column":0},"end":{"line":95,"column":3}},"26":{"start":{"line":92,"column":15},"end":{"line":92,"column":56}},"27":{"start":{"line":93,"column":2},"end":{"line":93,"column":20}},"28":{"start":{"line":94,"column":2},"end":{"line":94,"column":17}},"29":{"start":{"line":97,"column":0},"end":{"line":101,"column":3}},"30":{"start":{"line":98,"column":15},"end":{"line":98,"column":70}},"31":{"start":{"line":99,"column":2},"end":{"line":99,"column":20}},"32":{"start":{"line":100,"column":2},"end":{"line":100,"column":17}},"33":{"start":{"line":103,"column":0},"end":{"line":103,"column":24}}},"fnMap":{"0":{"name":"(anonymous_0)","decl":{"start":{"line":11,"column":27},"end":{"line":11,"column":28}},"loc":{"start":{"line":11,"column":79},"end":{"line":35,"column":1}},"line":11},"1":{"name":"(anonymous_1)","decl":{"start":{"line":37,"column":29},"end":{"line":37,"column":30}},"loc":{"start":{"line":37,"column":49},"end":{"line":56,"column":1}},"line":37},"2":{"name":"(anonymous_2)","decl":{"start":{"line":58,"column":24},"end":{"line":58,"column":25}},"loc":{"start":{"line":58,"column":58},"end":{"line":78,"column":1}},"line":58},"3":{"name":"(anonymous_3)","decl":{"start":{"line":80,"column":39},"end":{"line":80,"column":40}},"loc":{"start":{"line":80,"column":59},"end":{"line":89,"column":1}},"line":80},"4":{"name":"(anonymous_4)","decl":{"start":{"line":91,"column":19},"end":{"line":91,"column":20}},"loc":{"start":{"line":91,"column":39},"end":{"line":95,"column":1}},"line":91},"5":{"name":"(anonymous_5)","decl":{"start":{"line":97,"column":27},"end":{"line":97,"column":28}},"loc":{"start":{"line":97,"column":47},"end":{"line":101,"column":1}},"line":97}},"branchMap":{},"s":{"0":2,"1":2,"2":2,"3":2,"4":2,"5":2,"6":0,"7":0,"8":0,"9":0,"10":2,"11":0,"12":0,"13":0,"14":0,"15":2,"16":0,"17":0,"18":0,"19":0,"20":0,"21":2,"22":0,"23":0,"24":0,"25":2,"26":0,"27":0,"28":0,"29":2,"30":0,"31":0,"32":0,"33":2},"f":{"0":0,"1":0,"2":0,"3":0,"4":0,"5":0},"b":{},"_coverageSchema":"1a1c01bbd47fc00a2c39e90264f33305004495a9","hash":"6cb3ffbfd283b5085ef0c681f605d0cc009b2758"}
,"/home/wojtek/Programowanie/ScoresFC/server/src/routes/api/leagues.js": {"path":"/home/wojtek/Programowanie/ScoresFC/server/src/routes/api/leagues.js","statementMap":{"0":{"start":{"line":2,"column":13},"end":{"line":2,"column":28}},"1":{"start":{"line":3,"column":0},"end":{"line":3,"column":50}},"2":{"start":{"line":5,"column":16},"end":{"line":5,"column":34}},"3":{"start":{"line":6,"column":14},"end":{"line":6,"column":30}},"4":{"start":{"line":8,"column":15},"end":{"line":8,"column":31}},"5":{"start":{"line":11,"column":28},"end":{"line":30,"column":1}},"6":{"start":{"line":12,"column":2},"end":{"line":29,"column":3}},"7":{"start":{"line":13,"column":20},"end":{"line":24,"column":5}},"8":{"start":{"line":25,"column":4},"end":{"line":25,"column":39}},"9":{"start":{"line":26,"column":4},"end":{"line":26,"column":33}},"10":{"start":{"line":28,"column":4},"end":{"line":28,"column":21}},"11":{"start":{"line":32,"column":0},"end":{"line":35,"column":3}},"12":{"start":{"line":33,"column":2},"end":{"line":33,"column":55}},"13":{"start":{"line":34,"column":2},"end":{"line":34,"column":58}},"14":{"start":{"line":37,"column":0},"end":{"line":37,"column":24}}},"fnMap":{"0":{"name":"(anonymous_0)","decl":{"start":{"line":11,"column":28},"end":{"line":11,"column":29}},"loc":{"start":{"line":11,"column":51},"end":{"line":30,"column":1}},"line":11},"1":{"name":"(anonymous_1)","decl":{"start":{"line":32,"column":24},"end":{"line":32,"column":25}},"loc":{"start":{"line":32,"column":44},"end":{"line":35,"column":1}},"line":32}},"branchMap":{},"s":{"0":2,"1":2,"2":2,"3":2,"4":2,"5":2,"6":0,"7":0,"8":0,"9":0,"10":0,"11":2,"12":0,"13":0,"14":2},"f":{"0":0,"1":0},"b":{},"_coverageSchema":"1a1c01bbd47fc00a2c39e90264f33305004495a9","hash":"3ae92618e7e29bbd443abcf19cea6d7a2ef9c285"}
,"/home/wojtek/Programowanie/ScoresFC/server/src/routes/api/search.js": {"path":"/home/wojtek/Programowanie/ScoresFC/server/src/routes/api/search.js","statementMap":{"0":{"start":{"line":2,"column":13},"end":{"line":2,"column":28}},"1":{"start":{"line":3,"column":0},"end":{"line":3,"column":50}},"2":{"start":{"line":5,"column":16},"end":{"line":5,"column":34}},"3":{"start":{"line":6,"column":14},"end":{"line":6,"column":30}},"4":{"start":{"line":8,"column":15},"end":{"line":8,"column":31}},"5":{"start":{"line":11,"column":22},"end":{"line":27,"column":1}},"6":{"start":{"line":12,"column":2},"end":{"line":26,"column":3}},"7":{"start":{"line":13,"column":17},"end":{"line":21,"column":6}},"8":{"start":{"line":22,"column":4},"end":{"line":22,"column":36}},"9":{"start":{"line":23,"column":4},"end":{"line":23,"column":30}},"10":{"start":{"line":25,"column":4},"end":{"line":25,"column":21}},"11":{"start":{"line":29,"column":24},"end":{"line":48,"column":1}},"12":{"start":{"line":30,"column":2},"end":{"line":47,"column":3}},"13":{"start":{"line":31,"column":19},"end":{"line":42,"column":5}},"14":{"start":{"line":43,"column":4},"end":{"line":43,"column":38}},"15":{"start":{"line":44,"column":4},"end":{"line":44,"column":32}},"16":{"start":{"line":46,"column":4},"end":{"line":46,"column":21}},"17":{"start":{"line":50,"column":0},"end":{"line":53,"column":3}},"18":{"start":{"line":51,"column":2},"end":{"line":51,"column":48}},"19":{"start":{"line":52,"column":2},"end":{"line":52,"column":51}},"20":{"start":{"line":55,"column":0},"end":{"line":58,"column":3}},"21":{"start":{"line":56,"column":2},"end":{"line":56,"column":50}},"22":{"start":{"line":57,"column":2},"end":{"line":57,"column":53}},"23":{"start":{"line":60,"column":0},"end":{"line":60,"column":24}}},"fnMap":{"0":{"name":"(anonymous_0)","decl":{"start":{"line":11,"column":22},"end":{"line":11,"column":23}},"loc":{"start":{"line":11,"column":42},"end":{"line":27,"column":1}},"line":11},"1":{"name":"(anonymous_1)","decl":{"start":{"line":29,"column":24},"end":{"line":29,"column":25}},"loc":{"start":{"line":29,"column":46},"end":{"line":48,"column":1}},"line":29},"2":{"name":"(anonymous_2)","decl":{"start":{"line":50,"column":28},"end":{"line":50,"column":29}},"loc":{"start":{"line":50,"column":48},"end":{"line":53,"column":1}},"line":50},"3":{"name":"(anonymous_3)","decl":{"start":{"line":55,"column":30},"end":{"line":55,"column":31}},"loc":{"start":{"line":55,"column":50},"end":{"line":58,"column":1}},"line":55}},"branchMap":{},"s":{"0":2,"1":2,"2":2,"3":2,"4":2,"5":2,"6":0,"7":0,"8":0,"9":0,"10":0,"11":2,"12":0,"13":0,"14":0,"15":0,"16":0,"17":2,"18":0,"19":0,"20":2,"21":0,"22":0,"23":2},"f":{"0":0,"1":0,"2":0,"3":0},"b":{},"_coverageSchema":"1a1c01bbd47fc00a2c39e90264f33305004495a9","hash":"eb147828430a487ee43c97520c608061cdfd5991"}
,"/home/wojtek/Programowanie/ScoresFC/server/src/routes/api/team.js": {"path":"/home/wojtek/Programowanie/ScoresFC/server/src/routes/api/team.js","statementMap":{"0":{"start":{"line":2,"column":13},"end":{"line":2,"column":28}},"1":{"start":{"line":3,"column":0},"end":{"line":3,"column":50}},"2":{"start":{"line":5,"column":16},"end":{"line":5,"column":34}},"3":{"start":{"line":6,"column":14},"end":{"line":6,"column":30}},"4":{"start":{"line":8,"column":15},"end":{"line":8,"column":31}},"5":{"start":{"line":11,"column":20},"end":{"line":27,"column":1}},"6":{"start":{"line":12,"column":2},"end":{"line":26,"column":3}},"7":{"start":{"line":13,"column":17},"end":{"line":21,"column":6}},"8":{"start":{"line":22,"column":4},"end":{"line":22,"column":36}},"9":{"start":{"line":23,"column":4},"end":{"line":23,"column":30}},"10":{"start":{"line":25,"column":4},"end":{"line":25,"column":21}},"11":{"start":{"line":29,"column":21},"end":{"line":48,"column":1}},"12":{"start":{"line":30,"column":2},"end":{"line":47,"column":3}},"13":{"start":{"line":31,"column":18},"end":{"line":42,"column":5}},"14":{"start":{"line":43,"column":4},"end":{"line":43,"column":37}},"15":{"start":{"line":44,"column":4},"end":{"line":44,"column":31}},"16":{"start":{"line":46,"column":4},"end":{"line":46,"column":21}},"17":{"start":{"line":50,"column":0},"end":{"line":53,"column":3}},"18":{"start":{"line":51,"column":2},"end":{"line":51,"column":44}},"19":{"start":{"line":52,"column":2},"end":{"line":52,"column":47}},"20":{"start":{"line":55,"column":0},"end":{"line":58,"column":3}},"21":{"start":{"line":56,"column":2},"end":{"line":56,"column":43}},"22":{"start":{"line":57,"column":2},"end":{"line":57,"column":46}},"23":{"start":{"line":60,"column":0},"end":{"line":60,"column":24}}},"fnMap":{"0":{"name":"(anonymous_0)","decl":{"start":{"line":11,"column":20},"end":{"line":11,"column":21}},"loc":{"start":{"line":11,"column":38},"end":{"line":27,"column":1}},"line":11},"1":{"name":"(anonymous_1)","decl":{"start":{"line":29,"column":21},"end":{"line":29,"column":22}},"loc":{"start":{"line":29,"column":39},"end":{"line":48,"column":1}},"line":29},"2":{"name":"(anonymous_2)","decl":{"start":{"line":50,"column":21},"end":{"line":50,"column":22}},"loc":{"start":{"line":50,"column":41},"end":{"line":53,"column":1}},"line":50},"3":{"name":"(anonymous_3)","decl":{"start":{"line":55,"column":25},"end":{"line":55,"column":26}},"loc":{"start":{"line":55,"column":45},"end":{"line":58,"column":1}},"line":55}},"branchMap":{},"s":{"0":2,"1":2,"2":2,"3":2,"4":2,"5":2,"6":0,"7":0,"8":0,"9":0,"10":0,"11":2,"12":0,"13":0,"14":0,"15":0,"16":0,"17":2,"18":0,"19":0,"20":2,"21":0,"22":0,"23":2},"f":{"0":0,"1":0,"2":0,"3":0},"b":{},"_coverageSchema":"1a1c01bbd47fc00a2c39e90264f33305004495a9","hash":"6f8e2449b1fa6be48b2585f47d141afba04886ca"}
,"/home/wojtek/Programowanie/ScoresFC/server/src/utils/Auth.js": {"path":"/home/wojtek/Programowanie/ScoresFC/server/src/utils/Auth.js","statementMap":{"0":{"start":{"line":1,"column":15},"end":{"line":1,"column":34}},"1":{"start":{"line":2,"column":12},"end":{"line":2,"column":35}},"2":{"start":{"line":3,"column":17},"end":{"line":3,"column":36}},"3":{"start":{"line":4,"column":0},"end":{"line":4,"column":27}},"4":{"start":{"line":6,"column":13},"end":{"line":6,"column":38}},"5":{"start":{"line":11,"column":22},"end":{"line":53,"column":1}},"6":{"start":{"line":12,"column":2},"end":{"line":52,"column":3}},"7":{"start":{"line":14,"column":24},"end":{"line":14,"column":68}},"8":{"start":{"line":15,"column":4},"end":{"line":20,"column":5}},"9":{"start":{"line":16,"column":6},"end":{"line":19,"column":9}},"10":{"start":{"line":23,"column":21},"end":{"line":23,"column":59}},"11":{"start":{"line":24,"column":4},"end":{"line":29,"column":5}},"12":{"start":{"line":25,"column":6},"end":{"line":28,"column":9}},"13":{"start":{"line":32,"column":21},"end":{"line":32,"column":64}},"14":{"start":{"line":35,"column":20},"end":{"line":39,"column":6}},"15":{"start":{"line":40,"column":4},"end":{"line":40,"column":25}},"16":{"start":{"line":41,"column":4},"end":{"line":44,"column":7}},"17":{"start":{"line":46,"column":4},"end":{"line":46,"column":21}},"18":{"start":{"line":48,"column":4},"end":{"line":51,"column":7}},"19":{"start":{"line":58,"column":19},"end":{"line":114,"column":1}},"20":{"start":{"line":59,"column":31},"end":{"line":59,"column":46}},"21":{"start":{"line":62,"column":15},"end":{"line":62,"column":47}},"22":{"start":{"line":63,"column":2},"end":{"line":68,"column":3}},"23":{"start":{"line":64,"column":4},"end":{"line":67,"column":7}},"24":{"start":{"line":71,"column":2},"end":{"line":76,"column":3}},"25":{"start":{"line":72,"column":4},"end":{"line":75,"column":7}},"26":{"start":{"line":79,"column":27},"end":{"line":79,"column":72}},"27":{"start":{"line":80,"column":2},"end":{"line":113,"column":3}},"28":{"start":{"line":81,"column":16},"end":{"line":90,"column":5}},"29":{"start":{"line":92,"column":17},"end":{"line":101,"column":5}},"30":{"start":{"line":103,"column":4},"end":{"line":107,"column":7}},"31":{"start":{"line":109,"column":4},"end":{"line":112,"column":7}},"32":{"start":{"line":116,"column":19},"end":{"line":141,"column":1}},"33":{"start":{"line":117,"column":2},"end":{"line":140,"column":3}},"34":{"start":{"line":119,"column":17},"end":{"line":119,"column":49}},"35":{"start":{"line":120,"column":4},"end":{"line":125,"column":5}},"36":{"start":{"line":121,"column":6},"end":{"line":124,"column":9}},"37":{"start":{"line":127,"column":4},"end":{"line":127,"column":60}},"38":{"start":{"line":129,"column":4},"end":{"line":132,"column":7}},"39":{"start":{"line":134,"column":4},"end":{"line":134,"column":21}},"40":{"start":{"line":136,"column":4},"end":{"line":139,"column":7}},"41":{"start":{"line":146,"column":17},"end":{"line":146,"column":65}},"42":{"start":{"line":151,"column":18},"end":{"line":154,"column":12}},"43":{"start":{"line":151,"column":29},"end":{"line":154,"column":12}},"44":{"start":{"line":152,"column":2},"end":{"line":154,"column":12}},"45":{"start":{"line":156,"column":25},"end":{"line":159,"column":1}},"46":{"start":{"line":157,"column":13},"end":{"line":157,"column":45}},"47":{"start":{"line":158,"column":2},"end":{"line":158,"column":29}},"48":{"start":{"line":161,"column":22},"end":{"line":164,"column":1}},"49":{"start":{"line":162,"column":13},"end":{"line":162,"column":42}},"50":{"start":{"line":163,"column":2},"end":{"line":163,"column":29}},"51":{"start":{"line":166,"column":22},"end":{"line":176,"column":1}},"52":{"start":{"line":167,"column":2},"end":{"line":175,"column":4}},"53":{"start":{"line":178,"column":0},"end":{"line":185,"column":2}}},"fnMap":{"0":{"name":"(anonymous_0)","decl":{"start":{"line":11,"column":22},"end":{"line":11,"column":23}},"loc":{"start":{"line":11,"column":56},"end":{"line":53,"column":1}},"line":11},"1":{"name":"(anonymous_1)","decl":{"start":{"line":58,"column":19},"end":{"line":58,"column":20}},"loc":{"start":{"line":58,"column":57},"end":{"line":114,"column":1}},"line":58},"2":{"name":"(anonymous_2)","decl":{"start":{"line":116,"column":19},"end":{"line":116,"column":20}},"loc":{"start":{"line":116,"column":44},"end":{"line":141,"column":1}},"line":116},"3":{"name":"(anonymous_3)","decl":{"start":{"line":151,"column":18},"end":{"line":151,"column":19}},"loc":{"start":{"line":151,"column":29},"end":{"line":154,"column":12}},"line":151},"4":{"name":"(anonymous_4)","decl":{"start":{"line":151,"column":29},"end":{"line":151,"column":30}},"loc":{"start":{"line":152,"column":2},"end":{"line":154,"column":12}},"line":152},"5":{"name":"(anonymous_5)","decl":{"start":{"line":156,"column":25},"end":{"line":156,"column":26}},"loc":{"start":{"line":156,"column":45},"end":{"line":159,"column":1}},"line":156},"6":{"name":"(anonymous_6)","decl":{"start":{"line":161,"column":22},"end":{"line":161,"column":23}},"loc":{"start":{"line":161,"column":39},"end":{"line":164,"column":1}},"line":161},"7":{"name":"(anonymous_7)","decl":{"start":{"line":166,"column":22},"end":{"line":166,"column":23}},"loc":{"start":{"line":166,"column":32},"end":{"line":176,"column":1}},"line":166}},"branchMap":{"0":{"loc":{"start":{"line":15,"column":4},"end":{"line":20,"column":5}},"type":"if","locations":[{"start":{"line":15,"column":4},"end":{"line":20,"column":5}},{"start":{},"end":{}}],"line":15},"1":{"loc":{"start":{"line":24,"column":4},"end":{"line":29,"column":5}},"type":"if","locations":[{"start":{"line":24,"column":4},"end":{"line":29,"column":5}},{"start":{},"end":{}}],"line":24},"2":{"loc":{"start":{"line":63,"column":2},"end":{"line":68,"column":3}},"type":"if","locations":[{"start":{"line":63,"column":2},"end":{"line":68,"column":3}},{"start":{},"end":{}}],"line":63},"3":{"loc":{"start":{"line":71,"column":2},"end":{"line":76,"column":3}},"type":"if","locations":[{"start":{"line":71,"column":2},"end":{"line":76,"column":3}},{"start":{},"end":{}}],"line":71},"4":{"loc":{"start":{"line":80,"column":2},"end":{"line":113,"column":3}},"type":"if","locations":[{"start":{"line":80,"column":2},"end":{"line":113,"column":3}},{"start":{"line":108,"column":9},"end":{"line":113,"column":3}}],"line":80},"5":{"loc":{"start":{"line":120,"column":4},"end":{"line":125,"column":5}},"type":"if","locations":[{"start":{"line":120,"column":4},"end":{"line":125,"column":5}},{"start":{},"end":{}}],"line":120},"6":{"loc":{"start":{"line":152,"column":2},"end":{"line":154,"column":12}},"type":"cond-expr","locations":[{"start":{"line":153,"column":6},"end":{"line":153,"column":42}},{"start":{"line":154,"column":6},"end":{"line":154,"column":12}}],"line":152},"7":{"loc":{"start":{"line":158,"column":9},"end":{"line":158,"column":28}},"type":"cond-expr","locations":[{"start":{"line":158,"column":16},"end":{"line":158,"column":21}},{"start":{"line":158,"column":24},"end":{"line":158,"column":28}}],"line":158},"8":{"loc":{"start":{"line":163,"column":9},"end":{"line":163,"column":28}},"type":"cond-expr","locations":[{"start":{"line":163,"column":16},"end":{"line":163,"column":21}},{"start":{"line":163,"column":24},"end":{"line":163,"column":28}}],"line":163}},"s":{"0":2,"1":2,"2":2,"3":2,"4":2,"5":2,"6":10,"7":10,"8":10,"9":4,"10":6,"11":6,"12":4,"13":2,"14":2,"15":2,"16":2,"17":0,"18":0,"19":2,"20":8,"21":8,"22":8,"23":2,"24":6,"25":2,"26":4,"27":4,"28":2,"29":2,"30":2,"31":2,"32":2,"33":3,"34":3,"35":3,"36":1,"37":2,"38":2,"39":0,"40":0,"41":2,"42":2,"43":4,"44":0,"45":2,"46":10,"47":10,"48":2,"49":6,"50":6,"51":2,"52":0,"53":2},"f":{"0":10,"1":8,"2":3,"3":4,"4":0,"5":10,"6":6,"7":0},"b":{"0":[4,6],"1":[4,2],"2":[2,6],"3":[2,4],"4":[2,2],"5":[1,2],"6":[0,0],"7":[4,6],"8":[4,2]},"_coverageSchema":"1a1c01bbd47fc00a2c39e90264f33305004495a9","hash":"59239257262de819511a9a866e2cb11f6ead13fd"}
,"/home/wojtek/Programowanie/ScoresFC/server/src/utils/Comments.js": {"path":"/home/wojtek/Programowanie/ScoresFC/server/src/utils/Comments.js","statementMap":{"0":{"start":{"line":1,"column":13},"end":{"line":1,"column":38}},"1":{"start":{"line":2,"column":16},"end":{"line":2,"column":44}},"2":{"start":{"line":3,"column":21},"end":{"line":3,"column":39}},"3":{"start":{"line":8,"column":23},"end":{"line":24,"column":1}},"4":{"start":{"line":9,"column":2},"end":{"line":23,"column":3}},"5":{"start":{"line":10,"column":24},"end":{"line":10,"column":44}},"6":{"start":{"line":12,"column":4},"end":{"line":16,"column":7}},"7":{"start":{"line":18,"column":4},"end":{"line":18,"column":21}},"8":{"start":{"line":19,"column":4},"end":{"line":22,"column":7}},"9":{"start":{"line":29,"column":24},"end":{"line":45,"column":1}},"10":{"start":{"line":30,"column":2},"end":{"line":44,"column":3}},"11":{"start":{"line":31,"column":25},"end":{"line":31,"column":63}},"12":{"start":{"line":33,"column":4},"end":{"line":37,"column":7}},"13":{"start":{"line":39,"column":4},"end":{"line":39,"column":21}},"14":{"start":{"line":40,"column":4},"end":{"line":43,"column":7}},"15":{"start":{"line":50,"column":19},"end":{"line":71,"column":1}},"16":{"start":{"line":51,"column":2},"end":{"line":70,"column":3}},"17":{"start":{"line":52,"column":23},"end":{"line":56,"column":6}},"18":{"start":{"line":58,"column":4},"end":{"line":58,"column":28}},"19":{"start":{"line":59,"column":4},"end":{"line":62,"column":7}},"20":{"start":{"line":64,"column":4},"end":{"line":64,"column":21}},"21":{"start":{"line":66,"column":4},"end":{"line":69,"column":7}},"22":{"start":{"line":76,"column":22},"end":{"line":101,"column":1}},"23":{"start":{"line":78,"column":20},"end":{"line":78,"column":52}},"24":{"start":{"line":79,"column":23},"end":{"line":79,"column":66}},"25":{"start":{"line":82,"column":2},"end":{"line":87,"column":3}},"26":{"start":{"line":83,"column":4},"end":{"line":86,"column":7}},"27":{"start":{"line":89,"column":2},"end":{"line":100,"column":3}},"28":{"start":{"line":90,"column":4},"end":{"line":93,"column":7}},"29":{"start":{"line":95,"column":4},"end":{"line":95,"column":41}},"30":{"start":{"line":96,"column":4},"end":{"line":99,"column":7}},"31":{"start":{"line":103,"column":0},"end":{"line":108,"column":2}}},"fnMap":{"0":{"name":"(anonymous_0)","decl":{"start":{"line":8,"column":23},"end":{"line":8,"column":24}},"loc":{"start":{"line":8,"column":38},"end":{"line":24,"column":1}},"line":8},"1":{"name":"(anonymous_1)","decl":{"start":{"line":29,"column":24},"end":{"line":29,"column":25}},"loc":{"start":{"line":29,"column":47},"end":{"line":45,"column":1}},"line":29},"2":{"name":"(anonymous_2)","decl":{"start":{"line":50,"column":19},"end":{"line":50,"column":20}},"loc":{"start":{"line":50,"column":61},"end":{"line":71,"column":1}},"line":50},"3":{"name":"(anonymous_3)","decl":{"start":{"line":76,"column":22},"end":{"line":76,"column":23}},"loc":{"start":{"line":76,"column":64},"end":{"line":101,"column":1}},"line":76}},"branchMap":{"0":{"loc":{"start":{"line":82,"column":2},"end":{"line":87,"column":3}},"type":"if","locations":[{"start":{"line":82,"column":2},"end":{"line":87,"column":3}},{"start":{},"end":{}}],"line":82},"1":{"loc":{"start":{"line":89,"column":2},"end":{"line":100,"column":3}},"type":"if","locations":[{"start":{"line":89,"column":2},"end":{"line":100,"column":3}},{"start":{"line":94,"column":9},"end":{"line":100,"column":3}}],"line":89}},"s":{"0":2,"1":2,"2":2,"3":2,"4":2,"5":2,"6":2,"7":0,"8":0,"9":2,"10":0,"11":0,"12":0,"13":0,"14":0,"15":2,"16":2,"17":2,"18":2,"19":1,"20":1,"21":1,"22":2,"23":3,"24":3,"25":3,"26":1,"27":2,"28":1,"29":1,"30":1,"31":2},"f":{"0":2,"1":0,"2":2,"3":3},"b":{"0":[1,2],"1":[1,1]},"_coverageSchema":"1a1c01bbd47fc00a2c39e90264f33305004495a9","hash":"6202659c88381a1ee41af8f8733c69ae6a8bee31"}
,"/home/wojtek/Programowanie/ScoresFC/server/src/utils/Favourites.js": {"path":"/home/wojtek/Programowanie/ScoresFC/server/src/utils/Favourites.js","statementMap":{"0":{"start":{"line":1,"column":13},"end":{"line":1,"column":38}},"1":{"start":{"line":6,"column":23},"end":{"line":25,"column":1}},"2":{"start":{"line":8,"column":20},"end":{"line":8,"column":52}},"3":{"start":{"line":9,"column":2},"end":{"line":9,"column":25}},"4":{"start":{"line":10,"column":2},"end":{"line":24,"column":3}},"5":{"start":{"line":11,"column":4},"end":{"line":14,"column":7}},"6":{"start":{"line":16,"column":4},"end":{"line":16,"column":42}},"7":{"start":{"line":17,"column":4},"end":{"line":23,"column":7}},"8":{"start":{"line":30,"column":24},"end":{"line":47,"column":1}},"9":{"start":{"line":32,"column":20},"end":{"line":32,"column":52}},"10":{"start":{"line":33,"column":2},"end":{"line":46,"column":3}},"11":{"start":{"line":34,"column":4},"end":{"line":37,"column":7}},"12":{"start":{"line":39,"column":4},"end":{"line":39,"column":46}},"13":{"start":{"line":40,"column":4},"end":{"line":40,"column":21}},"14":{"start":{"line":41,"column":4},"end":{"line":41,"column":44}},"15":{"start":{"line":42,"column":4},"end":{"line":45,"column":7}},"16":{"start":{"line":52,"column":29},"end":{"line":70,"column":1}},"17":{"start":{"line":54,"column":20},"end":{"line":54,"column":52}},"18":{"start":{"line":55,"column":2},"end":{"line":55,"column":25}},"19":{"start":{"line":56,"column":2},"end":{"line":69,"column":3}},"20":{"start":{"line":57,"column":4},"end":{"line":60,"column":7}},"21":{"start":{"line":62,"column":4},"end":{"line":62,"column":46}},"22":{"start":{"line":63,"column":4},"end":{"line":63,"column":21}},"23":{"start":{"line":64,"column":4},"end":{"line":64,"column":44}},"24":{"start":{"line":65,"column":4},"end":{"line":68,"column":7}},"25":{"start":{"line":75,"column":22},"end":{"line":92,"column":1}},"26":{"start":{"line":77,"column":20},"end":{"line":77,"column":52}},"27":{"start":{"line":78,"column":2},"end":{"line":91,"column":3}},"28":{"start":{"line":79,"column":4},"end":{"line":82,"column":7}},"29":{"start":{"line":84,"column":4},"end":{"line":84,"column":42}},"30":{"start":{"line":85,"column":4},"end":{"line":85,"column":21}},"31":{"start":{"line":86,"column":4},"end":{"line":86,"column":42}},"32":{"start":{"line":87,"column":4},"end":{"line":90,"column":7}},"33":{"start":{"line":97,"column":27},"end":{"line":114,"column":1}},"34":{"start":{"line":99,"column":20},"end":{"line":99,"column":52}},"35":{"start":{"line":100,"column":2},"end":{"line":113,"column":3}},"36":{"start":{"line":101,"column":4},"end":{"line":104,"column":7}},"37":{"start":{"line":106,"column":4},"end":{"line":106,"column":42}},"38":{"start":{"line":107,"column":4},"end":{"line":107,"column":21}},"39":{"start":{"line":108,"column":4},"end":{"line":108,"column":42}},"40":{"start":{"line":109,"column":4},"end":{"line":112,"column":7}},"41":{"start":{"line":119,"column":22},"end":{"line":136,"column":1}},"42":{"start":{"line":121,"column":20},"end":{"line":121,"column":52}},"43":{"start":{"line":122,"column":2},"end":{"line":135,"column":3}},"44":{"start":{"line":123,"column":4},"end":{"line":126,"column":7}},"45":{"start":{"line":128,"column":4},"end":{"line":128,"column":42}},"46":{"start":{"line":129,"column":4},"end":{"line":129,"column":21}},"47":{"start":{"line":130,"column":4},"end":{"line":130,"column":42}},"48":{"start":{"line":131,"column":4},"end":{"line":134,"column":7}},"49":{"start":{"line":141,"column":27},"end":{"line":158,"column":1}},"50":{"start":{"line":143,"column":20},"end":{"line":143,"column":52}},"51":{"start":{"line":144,"column":2},"end":{"line":157,"column":3}},"52":{"start":{"line":145,"column":4},"end":{"line":148,"column":7}},"53":{"start":{"line":150,"column":4},"end":{"line":150,"column":42}},"54":{"start":{"line":151,"column":4},"end":{"line":151,"column":21}},"55":{"start":{"line":152,"column":4},"end":{"line":152,"column":42}},"56":{"start":{"line":153,"column":4},"end":{"line":156,"column":7}},"57":{"start":{"line":160,"column":0},"end":{"line":168,"column":2}}},"fnMap":{"0":{"name":"(anonymous_0)","decl":{"start":{"line":6,"column":23},"end":{"line":6,"column":24}},"loc":{"start":{"line":6,"column":48},"end":{"line":25,"column":1}},"line":6},"1":{"name":"(anonymous_1)","decl":{"start":{"line":30,"column":24},"end":{"line":30,"column":25}},"loc":{"start":{"line":30,"column":59},"end":{"line":47,"column":1}},"line":30},"2":{"name":"(anonymous_2)","decl":{"start":{"line":52,"column":29},"end":{"line":52,"column":30}},"loc":{"start":{"line":52,"column":64},"end":{"line":70,"column":1}},"line":52},"3":{"name":"(anonymous_3)","decl":{"start":{"line":75,"column":22},"end":{"line":75,"column":23}},"loc":{"start":{"line":75,"column":55},"end":{"line":92,"column":1}},"line":75},"4":{"name":"(anonymous_4)","decl":{"start":{"line":97,"column":27},"end":{"line":97,"column":28}},"loc":{"start":{"line":97,"column":60},"end":{"line":114,"column":1}},"line":97},"5":{"name":"(anonymous_5)","decl":{"start":{"line":119,"column":22},"end":{"line":119,"column":23}},"loc":{"start":{"line":119,"column":55},"end":{"line":136,"column":1}},"line":119},"6":{"name":"(anonymous_6)","decl":{"start":{"line":141,"column":27},"end":{"line":141,"column":28}},"loc":{"start":{"line":141,"column":60},"end":{"line":158,"column":1}},"line":141}},"branchMap":{"0":{"loc":{"start":{"line":10,"column":2},"end":{"line":24,"column":3}},"type":"if","locations":[{"start":{"line":10,"column":2},"end":{"line":24,"column":3}},{"start":{"line":15,"column":9},"end":{"line":24,"column":3}}],"line":10},"1":{"loc":{"start":{"line":33,"column":2},"end":{"line":46,"column":3}},"type":"if","locations":[{"start":{"line":33,"column":2},"end":{"line":46,"column":3}},{"start":{"line":38,"column":9},"end":{"line":46,"column":3}}],"line":33},"2":{"loc":{"start":{"line":56,"column":2},"end":{"line":69,"column":3}},"type":"if","locations":[{"start":{"line":56,"column":2},"end":{"line":69,"column":3}},{"start":{"line":61,"column":9},"end":{"line":69,"column":3}}],"line":56},"3":{"loc":{"start":{"line":78,"column":2},"end":{"line":91,"column":3}},"type":"if","locations":[{"start":{"line":78,"column":2},"end":{"line":91,"column":3}},{"start":{"line":83,"column":9},"end":{"line":91,"column":3}}],"line":78},"4":{"loc":{"start":{"line":100,"column":2},"end":{"line":113,"column":3}},"type":"if","locations":[{"start":{"line":100,"column":2},"end":{"line":113,"column":3}},{"start":{"line":105,"column":9},"end":{"line":113,"column":3}}],"line":100},"5":{"loc":{"start":{"line":122,"column":2},"end":{"line":135,"column":3}},"type":"if","locations":[{"start":{"line":122,"column":2},"end":{"line":135,"column":3}},{"start":{"line":127,"column":9},"end":{"line":135,"column":3}}],"line":122},"6":{"loc":{"start":{"line":144,"column":2},"end":{"line":157,"column":3}},"type":"if","locations":[{"start":{"line":144,"column":2},"end":{"line":157,"column":3}},{"start":{"line":149,"column":9},"end":{"line":157,"column":3}}],"line":144}},"s":{"0":2,"1":2,"2":2,"3":2,"4":2,"5":1,"6":1,"7":1,"8":2,"9":2,"10":2,"11":1,"12":1,"13":1,"14":1,"15":1,"16":2,"17":2,"18":2,"19":2,"20":1,"21":1,"22":1,"23":1,"24":1,"25":2,"26":2,"27":2,"28":1,"29":1,"30":1,"31":1,"32":1,"33":2,"34":2,"35":2,"36":1,"37":1,"38":1,"39":1,"40":1,"41":2,"42":2,"43":2,"44":1,"45":1,"46":1,"47":1,"48":1,"49":2,"50":2,"51":2,"52":1,"53":1,"54":1,"55":1,"56":1,"57":2},"f":{"0":2,"1":2,"2":2,"3":2,"4":2,"5":2,"6":2},"b":{"0":[1,1],"1":[1,1],"2":[1,1],"3":[1,1],"4":[1,1],"5":[1,1],"6":[1,1]},"_coverageSchema":"1a1c01bbd47fc00a2c39e90264f33305004495a9","hash":"f6394bd19fd1a28193d9627235710b3bcac5e1df"}
}
