TN:
SF:server/index.js
FN:35,(anonymous_0)
FN:44,(anonymous_1)
FN:51,(anonymous_2)
FNF:3
FNH:2
FNDA:2,(anonymous_0)
FNDA:1,(anonymous_1)
FNDA:0,(anonymous_2)
DA:2,2
DA:3,2
DA:4,2
DA:5,2
DA:6,2
DA:7,2
DA:8,2
DA:11,2
DA:12,2
DA:13,2
DA:14,2
DA:15,2
DA:16,2
DA:17,2
DA:20,2
DA:23,2
DA:24,2
DA:25,2
DA:26,2
DA:27,2
DA:28,2
DA:29,2
DA:30,2
DA:31,2
DA:32,2
DA:33,2
DA:35,2
DA:36,2
DA:38,2
DA:41,2
DA:44,2
DA:45,1
DA:49,2
DA:51,2
DA:55,0
DA:56,0
DA:60,2
DA:62,2
LF:38
LH:36
BRF:0
BRH:0
end_of_record
TN:
SF:server/src/middlewares/passport.js
FN:11,(anonymous_0)
FN:13,(anonymous_1)
FN:15,(anonymous_2)
FN:21,(anonymous_3)
FNF:4
FNH:1
FNDA:2,(anonymous_0)
FNDA:0,(anonymous_1)
FNDA:0,(anonymous_2)
FNDA:0,(anonymous_3)
DA:1,2
DA:2,2
DA:4,2
DA:6,2
DA:11,2
DA:12,2
DA:14,0
DA:16,0
DA:17,0
DA:19,0
DA:22,0
LF:11
LH:6
BRDA:16,0,0,0
BRDA:16,0,1,0
BRF:2
BRH:0
end_of_record
TN:
SF:server/src/models/Comment.js
FNF:0
FNH:0
DA:1,2
DA:3,2
DA:23,2
LF:3
LH:3
BRF:0
BRH:0
end_of_record
TN:
SF:server/src/models/User.js
FNF:0
FNH:0
DA:1,2
DA:3,2
DA:45,2
LF:3
LH:3
BRF:0
BRH:0
end_of_record
TN:
SF:server/src/routes/comments.js
FN:13,(anonymous_0)
FN:17,(anonymous_1)
FN:22,(anonymous_2)
FN:27,(anonymous_3)
FNF:4
FNH:3
FNDA:2,(anonymous_0)
FNDA:0,(anonymous_1)
FNDA:2,(anonymous_2)
FNDA:3,(anonymous_3)
DA:1,2
DA:3,2
DA:10,2
DA:13,2
DA:14,2
DA:17,2
DA:18,0
DA:19,0
DA:22,2
DA:23,2
DA:27,2
DA:28,3
DA:29,3
DA:32,2
LF:14
LH:12
BRF:0
BRH:0
end_of_record
TN:
SF:server/src/routes/users.js
FN:24,(anonymous_0)
FN:30,(anonymous_1)
FN:36,(anonymous_2)
FN:42,(anonymous_3)
FN:48,(anonymous_4)
FN:54,(anonymous_5)
FN:63,(anonymous_6)
FN:73,(anonymous_7)
FN:79,(anonymous_8)
FN:83,(anonymous_9)
FN:88,(anonymous_10)
FN:93,(anonymous_11)
FN:98,(anonymous_12)
FN:103,(anonymous_13)
FN:108,(anonymous_14)
FNF:15
FNH:12
FNDA:5,(anonymous_0)
FNDA:5,(anonymous_1)
FNDA:4,(anonymous_2)
FNDA:4,(anonymous_3)
FNDA:3,(anonymous_4)
FNDA:0,(anonymous_5)
FNDA:0,(anonymous_6)
FNDA:0,(anonymous_7)
FNDA:2,(anonymous_8)
FNDA:2,(anonymous_9)
FNDA:2,(anonymous_10)
FNDA:2,(anonymous_11)
FNDA:2,(anonymous_12)
FNDA:2,(anonymous_13)
FNDA:2,(anonymous_14)
DA:1,2
DA:9,2
DA:19,2
DA:21,2
DA:24,2
DA:25,5
DA:26,5
DA:30,2
DA:31,5
DA:32,5
DA:36,2
DA:37,4
DA:38,4
DA:42,2
DA:43,4
DA:44,4
DA:48,2
DA:49,3
DA:50,3
DA:54,2
DA:55,0
DA:59,2
DA:64,0
DA:69,2
DA:74,0
DA:79,2
DA:80,2
DA:83,2
DA:84,2
DA:85,2
DA:88,2
DA:89,2
DA:90,2
DA:93,2
DA:94,2
DA:95,2
DA:98,2
DA:99,2
DA:100,2
DA:103,2
DA:104,2
DA:105,2
DA:108,2
DA:109,2
DA:110,2
DA:113,2
LF:46
LH:43
BRF:0
BRH:0
end_of_record
TN:
SF:server/src/routes/api/fixtures.js
FN:10,(anonymous_0)
FN:32,(anonymous_1)
FN:53,(anonymous_2)
FN:58,(anonymous_3)
FNF:4
FNH:0
FNDA:0,(anonymous_0)
FNDA:0,(anonymous_1)
FNDA:0,(anonymous_2)
FNDA:0,(anonymous_3)
DA:2,2
DA:3,2
DA:5,2
DA:6,2
DA:7,2
DA:10,2
DA:11,0
DA:12,0
DA:25,0
DA:26,0
DA:28,0
DA:32,2
DA:33,0
DA:34,0
DA:46,0
DA:47,0
DA:49,0
DA:53,2
DA:54,0
DA:55,0
DA:58,2
DA:59,0
DA:60,0
DA:63,2
LF:24
LH:10
BRF:0
BRH:0
end_of_record
TN:
SF:server/src/routes/api/league.js
FN:11,(anonymous_0)
FN:37,(anonymous_1)
FN:58,(anonymous_2)
FN:80,(anonymous_3)
FN:91,(anonymous_4)
FN:97,(anonymous_5)
FNF:6
FNH:0
FNDA:0,(anonymous_0)
FNDA:0,(anonymous_1)
FNDA:0,(anonymous_2)
FNDA:0,(anonymous_3)
FNDA:0,(anonymous_4)
FNDA:0,(anonymous_5)
DA:2,2
DA:3,2
DA:5,2
DA:6,2
DA:8,2
DA:11,2
DA:12,0
DA:13,0
DA:31,0
DA:33,0
DA:37,2
DA:38,0
DA:39,0
DA:52,0
DA:54,0
DA:58,2
DA:59,0
DA:60,0
DA:73,0
DA:74,0
DA:76,0
DA:80,2
DA:81,0
DA:87,0
DA:88,0
DA:91,2
DA:92,0
DA:93,0
DA:94,0
DA:97,2
DA:98,0
DA:99,0
DA:100,0
DA:103,2
LF:34
LH:12
BRF:0
BRH:0
end_of_record
TN:
SF:server/src/routes/api/leagues.js
FN:11,(anonymous_0)
FN:32,(anonymous_1)
FNF:2
FNH:0
FNDA:0,(anonymous_0)
FNDA:0,(anonymous_1)
DA:2,2
DA:3,2
DA:5,2
DA:6,2
DA:8,2
DA:11,2
DA:12,0
DA:13,0
DA:25,0
DA:26,0
DA:28,0
DA:32,2
DA:33,0
DA:34,0
DA:37,2
LF:15
LH:8
BRF:0
BRH:0
end_of_record
TN:
SF:server/src/routes/api/search.js
FN:11,(anonymous_0)
FN:29,(anonymous_1)
FN:50,(anonymous_2)
FN:55,(anonymous_3)
FNF:4
FNH:0
FNDA:0,(anonymous_0)
FNDA:0,(anonymous_1)
FNDA:0,(anonymous_2)
FNDA:0,(anonymous_3)
DA:2,2
DA:3,2
DA:5,2
DA:6,2
DA:8,2
DA:11,2
DA:12,0
DA:13,0
DA:22,0
DA:23,0
DA:25,0
DA:29,2
DA:30,0
DA:31,0
DA:43,0
DA:44,0
DA:46,0
DA:50,2
DA:51,0
DA:52,0
DA:55,2
DA:56,0
DA:57,0
DA:60,2
LF:24
LH:10
BRF:0
BRH:0
end_of_record
TN:
SF:server/src/routes/api/team.js
FN:11,(anonymous_0)
FN:29,(anonymous_1)
FN:50,(anonymous_2)
FN:55,(anonymous_3)
FNF:4
FNH:0
FNDA:0,(anonymous_0)
FNDA:0,(anonymous_1)
FNDA:0,(anonymous_2)
FNDA:0,(anonymous_3)
DA:2,2
DA:3,2
DA:5,2
DA:6,2
DA:8,2
DA:11,2
DA:12,0
DA:13,0
DA:22,0
DA:23,0
DA:25,0
DA:29,2
DA:30,0
DA:31,0
DA:43,0
DA:44,0
DA:46,0
DA:50,2
DA:51,0
DA:52,0
DA:55,2
DA:56,0
DA:57,0
DA:60,2
LF:24
LH:10
BRF:0
BRH:0
end_of_record
TN:
SF:server/src/utils/Auth.js
FN:11,(anonymous_0)
FN:58,(anonymous_1)
FN:116,(anonymous_2)
FN:151,(anonymous_3)
FN:151,(anonymous_4)
FN:156,(anonymous_5)
FN:161,(anonymous_6)
FN:166,(anonymous_7)
FNF:8
FNH:6
FNDA:10,(anonymous_0)
FNDA:8,(anonymous_1)
FNDA:3,(anonymous_2)
FNDA:4,(anonymous_3)
FNDA:0,(anonymous_4)
FNDA:10,(anonymous_5)
FNDA:6,(anonymous_6)
FNDA:0,(anonymous_7)
DA:1,2
DA:2,2
DA:3,2
DA:4,2
DA:6,2
DA:11,2
DA:12,10
DA:14,10
DA:15,10
DA:16,4
DA:23,6
DA:24,6
DA:25,4
DA:32,2
DA:35,2
DA:40,2
DA:41,2
DA:46,0
DA:48,0
DA:58,2
DA:59,8
DA:62,8
DA:63,8
DA:64,2
DA:71,6
DA:72,2
DA:79,4
DA:80,4
DA:81,2
DA:92,2
DA:103,2
DA:109,2
DA:116,2
DA:117,3
DA:119,3
DA:120,3
DA:121,1
DA:127,2
DA:129,2
DA:134,0
DA:136,0
DA:146,2
DA:151,4
DA:152,0
DA:156,2
DA:157,10
DA:158,10
DA:161,2
DA:162,6
DA:163,6
DA:166,2
DA:167,0
DA:178,2
LF:53
LH:47
BRDA:15,0,0,4
BRDA:15,0,1,6
BRDA:24,1,0,4
BRDA:24,1,1,2
BRDA:63,2,0,2
BRDA:63,2,1,6
BRDA:71,3,0,2
BRDA:71,3,1,4
BRDA:80,4,0,2
BRDA:80,4,1,2
BRDA:120,5,0,1
BRDA:120,5,1,2
BRDA:152,6,0,0
BRDA:152,6,1,0
BRDA:158,7,0,4
BRDA:158,7,1,6
BRDA:163,8,0,4
BRDA:163,8,1,2
BRF:18
BRH:16
end_of_record
TN:
SF:server/src/utils/Comments.js
FN:8,(anonymous_0)
FN:29,(anonymous_1)
FN:50,(anonymous_2)
FN:76,(anonymous_3)
FNF:4
FNH:3
FNDA:2,(anonymous_0)
FNDA:0,(anonymous_1)
FNDA:2,(anonymous_2)
FNDA:3,(anonymous_3)
DA:1,2
DA:2,2
DA:3,2
DA:8,2
DA:9,2
DA:10,2
DA:12,2
DA:18,0
DA:19,0
DA:29,2
DA:30,0
DA:31,0
DA:33,0
DA:39,0
DA:40,0
DA:50,2
DA:51,2
DA:52,2
DA:58,2
DA:59,1
DA:64,1
DA:66,1
DA:76,2
DA:78,3
DA:79,3
DA:82,3
DA:83,1
DA:89,2
DA:90,1
DA:95,1
DA:96,1
DA:103,2
LF:32
LH:25
BRDA:82,0,0,1
BRDA:82,0,1,2
BRDA:89,1,0,1
BRDA:89,1,1,1
BRF:4
BRH:4
end_of_record
TN:
SF:server/src/utils/Favourites.js
FN:6,(anonymous_0)
FN:30,(anonymous_1)
FN:52,(anonymous_2)
FN:75,(anonymous_3)
FN:97,(anonymous_4)
FN:119,(anonymous_5)
FN:141,(anonymous_6)
FNF:7
FNH:7
FNDA:2,(anonymous_0)
FNDA:2,(anonymous_1)
FNDA:2,(anonymous_2)
FNDA:2,(anonymous_3)
FNDA:2,(anonymous_4)
FNDA:2,(anonymous_5)
FNDA:2,(anonymous_6)
DA:1,2
DA:6,2
DA:8,2
DA:9,2
DA:10,2
DA:11,1
DA:16,1
DA:17,1
DA:30,2
DA:32,2
DA:33,2
DA:34,1
DA:39,1
DA:40,1
DA:41,1
DA:42,1
DA:52,2
DA:54,2
DA:55,2
DA:56,2
DA:57,1
DA:62,1
DA:63,1
DA:64,1
DA:65,1
DA:75,2
DA:77,2
DA:78,2
DA:79,1
DA:84,1
DA:85,1
DA:86,1
DA:87,1
DA:97,2
DA:99,2
DA:100,2
DA:101,1
DA:106,1
DA:107,1
DA:108,1
DA:109,1
DA:119,2
DA:121,2
DA:122,2
DA:123,1
DA:128,1
DA:129,1
DA:130,1
DA:131,1
DA:141,2
DA:143,2
DA:144,2
DA:145,1
DA:150,1
DA:151,1
DA:152,1
DA:153,1
DA:160,2
LF:58
LH:58
BRDA:10,0,0,1
BRDA:10,0,1,1
BRDA:33,1,0,1
BRDA:33,1,1,1
BRDA:56,2,0,1
BRDA:56,2,1,1
BRDA:78,3,0,1
BRDA:78,3,1,1
BRDA:100,4,0,1
BRDA:100,4,1,1
BRDA:122,5,0,1
BRDA:122,5,1,1
BRDA:144,6,0,1
BRDA:144,6,1,1
BRF:14
BRH:14
end_of_record
